
> sloticon-client@0.1.0 start
> craco start

[34mℹ[39m [90m｢wds｣[39m: Project is running at http://0.0.0.0:3000/
[34mℹ[39m [90m｢wds｣[39m: webpack output is served from 
[34mℹ[39m [90m｢wds｣[39m: Content not from webpack is served from /home/user/sloticon/public
[34mℹ[39m [90m｢wds｣[39m: 404s will fallback to /
Starting the development server...

DEPRECATION WARNING: The legacy JS API is deprecated and will be removed in Dart Sass 2.0.0.

More info: https://sass-lang.com/d/legacy-js-api

[0;33mOne of your dependencies, babel-preset-react-app, is importing the
"@babel/plugin-proposal-private-property-in-object" package without
declaring it in its dependencies. This is currently working because
"@babel/plugin-proposal-private-property-in-object" is already in your
node_modules folder for unrelated reasons, but it [1mmay break at any time[0;33m.

babel-preset-react-app is part of the create-react-app project, [1mwhich
is not maintianed anymore[0;33m. It is thus unlikely that this bug will
ever be fixed. Add "@babel/plugin-proposal-private-property-in-object" to
your devDependencies to work around this error. This will make this message
go away.[0m
  
DEPRECATION WARNING: The legacy JS API is deprecated and will be removed in Dart Sass 2.0.0.

More info: https://sass-lang.com/d/legacy-js-api

DEPRECATION WARNING: The legacy JS API is deprecated and will be removed in Dart Sass 2.0.0.

More info: https://sass-lang.com/d/legacy-js-api

DEPRECATION WARNING: The legacy JS API is deprecated and will be removed in Dart Sass 2.0.0.

More info: https://sass-lang.com/d/legacy-js-api

Failed to compile.

./src/index.js
Attempted import error: 'Switch' is not exported from 'react-router-dom'.
Compiling...
Failed to compile.

./src/index.js
Attempted import error: 'Switch' is not exported from 'react-router-dom'.
Compiling...
Failed to compile.

./src/index.js
Attempted import error: 'Switch' is not exported from 'react-router-dom'.
Compiling...
Failed to compile.

./src/index.js
Attempted import error: 'Switch' is not exported from 'react-router-dom'.
Compiling...
Failed to compile.

./src/index.js
Attempted import error: 'Switch' is not exported from 'react-router-dom'.
