Upgrading /home/user/sloticon/package.json


 @fortawesome/fontawesome-svg-core   ^6.3.0  →   ^6.6.0
 @fortawesome/free-solid-svg-icons   ^6.3.0  →   ^6.6.0
 @fortawesome/react-fontawesome      ^0.2.0  →   ^0.2.2
 @reduxjs/toolkit                    ^1.9.2  →   ^2.2.7
 @testing-library/jest-dom          ^5.16.5  →   ^6.5.0
 @testing-library/react             ^13.4.0  →  ^16.0.1
 @testing-library/user-event        ^13.5.0  →  ^14.5.2
 animejs                             ^3.2.1  →   ^3.2.2
 gsap                               ^3.11.4  →  ^3.12.5
 pixi.js                             ^7.1.2  →   ^8.4.1
 react                              ^18.2.0  →  ^18.3.1
 react-dom                          ^18.2.0  →  ^18.3.1
 react-redux                         ^8.1.3  →   ^9.1.2
 react-scripts                       ^3.0.1  →   ^5.0.1
 redux                               ^4.2.1  →   ^5.0.1
 sass                               ^1.58.1  →  ^1.79.3
 socket.io-client                    ^4.6.0  →   ^4.8.0
 web-vitals                          ^2.1.4  →   ^4.2.3

Run npm install to install new versions.
npm warn deprecated @babel/plugin-proposal-private-methods@7.18.6: This proposal has been merged to the ECMAScript standard and thus this plugin is no longer maintained. Please use @babel/plugin-transform-private-methods instead.
npm warn deprecated @babel/plugin-proposal-numeric-separator@7.18.6: This proposal has been merged to the ECMAScript standard and thus this plugin is no longer maintained. Please use @babel/plugin-transform-numeric-separator instead.
npm warn deprecated @babel/plugin-proposal-nullish-coalescing-operator@7.18.6: This proposal has been merged to the ECMAScript standard and thus this plugin is no longer maintained. Please use @babel/plugin-transform-nullish-coalescing-operator instead.
npm warn deprecated @babel/plugin-proposal-class-properties@7.18.6: This proposal has been merged to the ECMAScript standard and thus this plugin is no longer maintained. Please use @babel/plugin-transform-class-properties instead.
npm warn deprecated rollup-plugin-terser@7.0.2: This package has been deprecated and is no longer maintained. Please use @rollup/plugin-terser
npm warn deprecated rimraf@3.0.2: Rimraf versions prior to v4 are no longer supported
npm warn deprecated domexception@2.0.1: Use your platform's native DOMException instead
npm warn deprecated sourcemap-codec@1.4.8: Please use @jridgewell/sourcemap-codec instead
npm warn deprecated @humanwhocodes/object-schema@2.0.3: Use @eslint/object-schema instead
npm warn deprecated @humanwhocodes/config-array@0.13.0: Use @eslint/config-array instead
npm warn deprecated @babel/plugin-proposal-optional-chaining@7.21.0: This proposal has been merged to the ECMAScript standard and thus this plugin is no longer maintained. Please use @babel/plugin-transform-optional-chaining instead.
npm warn deprecated workbox-cacheable-response@6.6.0: workbox-background-sync@6.6.0
npm warn deprecated workbox-google-analytics@6.6.0: It is not compatible with newer versions of GA starting with v4, as long as you are using GAv3 it should be ok, but the package is not longer being maintained

added 560 packages, removed 828 packages, changed 413 packages, and audited 1555 packages in 44s

265 packages are looking for funding
  run `npm fund` for details

8 vulnerabilities (2 moderate, 6 high)

To address all issues (including breaking changes), run:
  npm audit fix --force

Run `npm audit` for details.
